[+] Containers:
 |- [+] Container: /Game/_Game/Scenes/PlayerScene
 |   |- [+] ActorDescs:
 |   |   |- Guid:15D4751446591651B68537BFC70F798D BaseClass: NativeClass:/Script/Engine.StaticMeshActor Name:StaticMeshActor_UAID_A4AE111137DC5EFB00_2001720423 Label:SM_SkySphere SpatiallyLoaded:0 Bounds:IsValid=true, Min=(X=-1638400.000 Y=-1638400.000 Z=-1638400.000), Max=(X=1638400.000 Y=1638400.000 Z=1638400.000) RuntimeGrid:None EditorOnly:0 RuntimeOnly:0 HLODRelevant:0 ListedInSceneOutliner:1 IsMainWorldOnly:0 FolderPath:Lighting FolderGuid:0BA5F0A04EADB18E70D5B180D08FA34B
 |   |   |- Guid:25853A4240A82E27A12DB18F0C6FDACC BaseClass: NativeClass:/Script/Engine.WorldDataLayers Name:WorldDataLayers Label:WorldDataLayers SpatiallyLoaded:0 Bounds:Invalid RuntimeGrid:None EditorOnly:0 RuntimeOnly:0 HLODRelevant:0 ListedInSceneOutliner:1 IsMainWorldOnly:1
 |   |   |- Guid:2DA60965418D733650D119BD4FB09A63 BaseClass: NativeClass:/Script/Engine.VolumetricCloud Name:VolumetricCloud_0 Label:VolumetricCloud SpatiallyLoaded:0 Bounds:IsValid=true, Min=(X=0.000 Y=0.000 Z=820.000), Max=(X=0.000 Y=0.000 Z=820.000) RuntimeGrid:None EditorOnly:0 RuntimeOnly:0 HLODRelevant:0 ListedInSceneOutliner:1 IsMainWorldOnly:0 FolderPath:Lighting FolderGuid:0BA5F0A04EADB18E70D5B180D08FA34B
 |   |   |- Guid:2EFF17BE4F975EE48464EFBC8E8173FE BaseClass: NativeClass:/Script/Engine.SkyAtmosphere Name:SkyAtmosphere_0 Label:SkyAtmosphere SpatiallyLoaded:0 Bounds:IsValid=true, Min=(X=0.000 Y=0.000 Z=1020.000), Max=(X=0.000 Y=0.000 Z=1020.000) RuntimeGrid:None EditorOnly:0 RuntimeOnly:0 HLODRelevant:0 ListedInSceneOutliner:1 IsMainWorldOnly:0 FolderPath:Lighting FolderGuid:0BA5F0A04EADB18E70D5B180D08FA34B
 |   |   |- Guid:33A30C12437A9D59280652B511E8888D BaseClass: NativeClass:/Script/Engine.StaticMeshActor Name:StaticMeshActor_30 Label:SM_ChamferCube5 SpatiallyLoaded:1 Bounds:IsValid=true, Min=(X=1765.431 Y=477.543 Z=0.063), Max=(X=1976.756 Y=688.868 Z=150.063) RuntimeGrid:None EditorOnly:0 RuntimeOnly:0 HLODRelevant:0 ListedInSceneOutliner:1 IsMainWorldOnly:0 FolderPath:SimulatedCubes FolderGuid:9AEEADCB4DC6C647D6E7C0B4EDA1744F
 |   |   |- Guid:34F8EE784CBF59BE1C01AC91E8158B8C BaseClass: NativeClass:/Script/Engine.PostProcessVolume Name:PostProcessVolume_0 Label:PostProcessVolume SpatiallyLoaded:0 Bounds:IsValid=true, Min=(X=0.000 Y=0.000 Z=400.000), Max=(X=200.000 Y=200.000 Z=600.000) RuntimeGrid:None EditorOnly:0 RuntimeOnly:0 HLODRelevant:0 ListedInSceneOutliner:1 IsMainWorldOnly:0 FolderPath:Lighting FolderGuid:0BA5F0A04EADB18E70D5B180D08FA34B
 |   |   |- Guid:363FEBED4BFE0C8E7ED6E383AA055155 BaseClass: NativeClass:/Script/Engine.StaticMeshActor Name:StaticMeshActor_10 Label:SM_Cube6 SpatiallyLoaded:1 Bounds:IsValid=true, Min=(X=2900.000 Y=100.000 Z=0.000), Max=(X=3000.000 Y=3400.000 Z=400.000) RuntimeGrid:None EditorOnly:0 RuntimeOnly:0 HLODRelevant:1 ListedInSceneOutliner:1 IsMainWorldOnly:0 FolderPath:Playground FolderGuid:6C02BB504B69D1F3D7A624B130C18E5B
 |   |   |- Guid:5645821545DAE5B4E8DEE7B068B38637 BaseClass: NativeClass:/Script/Engine.StaticMeshActor Name:StaticMeshActor_12 Label:SM_Cube8 SpatiallyLoaded:1 Bounds:IsValid=true, Min=(X=100.000 Y=1600.000 Z=0.000), Max=(X=1200.000 Y=1900.000 Z=200.000) RuntimeGrid:None EditorOnly:0 RuntimeOnly:0 HLODRelevant:1 ListedInSceneOutliner:1 IsMainWorldOnly:0 FolderPath:Block04 FolderGuid:D00C3F324D055BED943FA6B0235C7FA2
 |   |   |- Guid:5CC3569143B1D80E573BF7BF8AC9366E BaseClass: NativeClass:/Script/Engine.StaticMeshActor Name:StaticMeshActor_36 Label:SM_QuarterCylinder10 SpatiallyLoaded:1 Bounds:IsValid=true, Min=(X=1700.000 Y=1800.000 Z=0.000), Max=(X=1800.000 Y=1900.000 Z=200.000) RuntimeGrid:None EditorOnly:0 RuntimeOnly:0 HLODRelevant:1 ListedInSceneOutliner:1 IsMainWorldOnly:0 FolderPath:Block02 FolderGuid:275232DB4A90E8B2799B29BD69C59B9E
 |   |   |- Guid:69AFF89B46DDDF127EFFC392F3626925 BaseClass: NativeClass:/Script/Engine.StaticMeshActor Name:StaticMeshActor_41 Label:SM_Ramp4 SpatiallyLoaded:1 Bounds:IsValid=true, Min=(X=100.000 Y=1500.000 Z=0.000), Max=(X=1200.000 Y=1600.000 Z=200.000) RuntimeGrid:None EditorOnly:0 RuntimeOnly:0 HLODRelevant:1 ListedInSceneOutliner:1 IsMainWorldOnly:0 FolderPath:Block04 FolderGuid:D00C3F324D055BED943FA6B0235C7FA2
 |   |   |- Guid:719D958849C05D1307ABA1A4F35F657E BaseClass:/Game/FirstPerson/Blueprints/BP_Pickup_Rifle.BP_Pickup_Rifle_C NativeClass:/Script/Engine.Actor Name:BP_Rifle_C_1 Label:BP_Pickup_Rifle SpatiallyLoaded:1 Bounds:IsValid=true, Min=(X=1378.000 Y=818.000 Z=64.000), Max=(X=1442.000 Y=907.440 Z=128.000) RuntimeGrid:None EditorOnly:0 RuntimeOnly:0 HLODRelevant:0 ListedInSceneOutliner:1 IsMainWorldOnly:0
 |   |   |- Guid:734B15ED464B849F3E0767BD9B376699 BaseClass: NativeClass:/Script/Engine.StaticMeshActor Name:StaticMeshActor_37 Label:SM_Cube16 SpatiallyLoaded:1 Bounds:IsValid=true, Min=(X=1700.000 Y=1700.000 Z=0.000), Max=(X=1800.000 Y=1800.000 Z=200.000) RuntimeGrid:None EditorOnly:0 RuntimeOnly:0 HLODRelevant:1 ListedInSceneOutliner:1 IsMainWorldOnly:0 FolderPath:Block02 FolderGuid:275232DB4A90E8B2799B29BD69C59B9E
 |   |   |- Guid:7507B3EC4F6ACDACDAC49F98BC07065C BaseClass: NativeClass:/Script/Engine.PlayerStart Name:PlayerStart_UAID_745D222BFC82C12402_2098764482 Label:PlayerStart SpatiallyLoaded:0 Bounds:IsValid=true, Min=(X=1030.000 Y=790.000 Z=8.000), Max=(X=1110.000 Y=870.000 Z=192.000) RuntimeGrid:None EditorOnly:0 RuntimeOnly:0 HLODRelevant:0 ListedInSceneOutliner:1 IsMainWorldOnly:0
 |   |   |- Guid:77CA57A5478ADDDC90E9A6963809A751 BaseClass: NativeClass:/Script/Engine.StaticMeshActor Name:StaticMeshActor_17 Label:SM_QuarterCylinder SpatiallyLoaded:1 Bounds:IsValid=true, Min=(X=1200.000 Y=1800.000 Z=0.000), Max=(X=1300.000 Y=1900.000 Z=200.000) RuntimeGrid:None EditorOnly:0 RuntimeOnly:0 HLODRelevant:1 ListedInSceneOutliner:1 IsMainWorldOnly:0 FolderPath:Block04 FolderGuid:D00C3F324D055BED943FA6B0235C7FA2
 |   |   |- Guid:7D7162D840AD0CF8526375A1237376C9 BaseClass: NativeClass:/Script/Engine.ExponentialHeightFog Name:ExponentialHeightFog_0 Label:ExponentialHeightFog SpatiallyLoaded:0 Bounds:IsValid=true, Min=(X=-5600.000 Y=-50.000 Z=-6850.000), Max=(X=-5600.000 Y=-50.000 Z=-6850.000) RuntimeGrid:None EditorOnly:0 RuntimeOnly:0 HLODRelevant:0 ListedInSceneOutliner:1 IsMainWorldOnly:0 FolderPath:Lighting FolderGuid:0BA5F0A04EADB18E70D5B180D08FA34B
 |   |   |- Guid:808E9ED24B8D3FF12736AA8BF3B845B3 BaseClass: NativeClass:/Script/Engine.StaticMeshActor Name:StaticMeshActor_19 Label:SM_Cube12 SpatiallyLoaded:1 Bounds:IsValid=true, Min=(X=1200.000 Y=1700.000 Z=0.000), Max=(X=1300.000 Y=1800.000 Z=200.000) RuntimeGrid:None EditorOnly:0 RuntimeOnly:0 HLODRelevant:1 ListedInSceneOutliner:1 IsMainWorldOnly:0 FolderPath:Block04 FolderGuid:D00C3F324D055BED943FA6B0235C7FA2
 |   |   |- Guid:93483106445F237F871D11B743BE848E BaseClass: NativeClass:/Script/Engine.StaticMeshActor Name:StaticMeshActor_0 Label:SM_Cube SpatiallyLoaded:1 Bounds:IsValid=true, Min=(X=0.000 Y=0.000 Z=-50.000), Max=(X=3000.000 Y=3500.000 Z=0.000) RuntimeGrid:None EditorOnly:0 RuntimeOnly:0 HLODRelevant:1 ListedInSceneOutliner:1 IsMainWorldOnly:0 FolderPath:Playground FolderGuid:6C02BB504B69D1F3D7A624B130C18E5B
 |   |   |- Guid:97A7374F4F311099622223AC31AA82AD BaseClass: NativeClass:/Script/Engine.StaticMeshActor Name:StaticMeshActor_4 Label:SM_Cube3 SpatiallyLoaded:1 Bounds:IsValid=true, Min=(X=0.000 Y=3400.000 Z=0.000), Max=(X=3000.000 Y=3500.000 Z=400.000) RuntimeGrid:None EditorOnly:0 RuntimeOnly:0 HLODRelevant:1 ListedInSceneOutliner:1 IsMainWorldOnly:0 FolderPath:Playground FolderGuid:6C02BB504B69D1F3D7A624B130C18E5B
 |   |   |- Guid:AD06AB434F1A6CD63C2A779F9E075657 BaseClass: NativeClass:/Script/Engine.StaticMeshActor Name:StaticMeshActor_9 Label:SM_Cube5 SpatiallyLoaded:1 Bounds:IsValid=true, Min=(X=-0.000 Y=100.000 Z=0.000), Max=(X=100.000 Y=3400.000 Z=400.000) RuntimeGrid:None EditorOnly:0 RuntimeOnly:0 HLODRelevant:1 ListedInSceneOutliner:1 IsMainWorldOnly:0 FolderPath:Playground FolderGuid:6C02BB504B69D1F3D7A624B130C18E5B
 |   |   |- Guid:B45DABD446DE67ED8564489F5F4B9FBC BaseClass: NativeClass:/Script/Engine.StaticMeshActor Name:StaticMeshActor_34 Label:SM_Cube15 SpatiallyLoaded:1 Bounds:IsValid=true, Min=(X=1800.000 Y=1600.000 Z=0.000), Max=(X=2900.000 Y=1900.000 Z=200.000) RuntimeGrid:None EditorOnly:0 RuntimeOnly:0 HLODRelevant:1 ListedInSceneOutliner:1 IsMainWorldOnly:0 FolderPath:Block02 FolderGuid:275232DB4A90E8B2799B29BD69C59B9E
 |   |   |- Guid:BD498A94456CAE2F19FE97875AEA4DC0 BaseClass: NativeClass:/Script/Engine.DirectionalLight Name:DirectionalLight_1 Label:DirectionalLight SpatiallyLoaded:0 Bounds:Invalid RuntimeGrid:None EditorOnly:0 RuntimeOnly:0 HLODRelevant:0 ListedInSceneOutliner:1 IsMainWorldOnly:0 FolderPath:Lighting FolderGuid:0BA5F0A04EADB18E70D5B180D08FA34B
 |   |   |- Guid:C29731874431B40D35C5EFBAFD4B5B95 BaseClass: NativeClass:/Script/Engine.StaticMeshActor Name:StaticMeshActor_3 Label:SM_Cube2 SpatiallyLoaded:1 Bounds:IsValid=true, Min=(X=0.000 Y=0.000 Z=0.000), Max=(X=3000.000 Y=100.000 Z=400.000) RuntimeGrid:None EditorOnly:0 RuntimeOnly:0 HLODRelevant:1 ListedInSceneOutliner:1 IsMainWorldOnly:0 FolderPath:Playground FolderGuid:6C02BB504B69D1F3D7A624B130C18E5B
 |   |   |- Guid:CC73CAFB47D2536696AFD7A824531325 BaseClass: NativeClass:/Script/Engine.StaticMeshActor Name:StaticMeshActor_35 Label:SM_QuarterCylinder9 SpatiallyLoaded:1 Bounds:IsValid=true, Min=(X=1700.000 Y=1600.000 Z=0.000), Max=(X=1800.000 Y=1700.000 Z=200.000) RuntimeGrid:None EditorOnly:0 RuntimeOnly:0 HLODRelevant:1 ListedInSceneOutliner:1 IsMainWorldOnly:0 FolderPath:Block02 FolderGuid:275232DB4A90E8B2799B29BD69C59B9E
 |   |   |- Guid:E0EC727449EC660B68F5A1ACE9DC8748 BaseClass: NativeClass:/Script/Engine.TextRenderActor Name:TextRenderActor_1 Label:TextRenderActor SpatiallyLoaded:1 Bounds:IsValid=true, Min=(X=-0.100 Y=1100.000 Z=65.013), Max=(X=-0.100 Y=2363.461 Z=215.013) RuntimeGrid:None EditorOnly:0 RuntimeOnly:0 HLODRelevant:0 ListedInSceneOutliner:1 IsMainWorldOnly:0
 |   |   |- Guid:E5464BC3490019A2D1AB5D838255C36B BaseClass: NativeClass:/Script/Engine.StaticMeshActor Name:StaticMeshActor_42 Label:SM_Ramp5 SpatiallyLoaded:1 Bounds:IsValid=true, Min=(X=1800.000 Y=1900.000 Z=0.000), Max=(X=2900.000 Y=2000.000 Z=200.000) RuntimeGrid:None EditorOnly:0 RuntimeOnly:0 HLODRelevant:1 ListedInSceneOutliner:1 IsMainWorldOnly:0 FolderPath:Block02 FolderGuid:275232DB4A90E8B2799B29BD69C59B9E
 |   |   |- Guid:EA4D8C704E6D3567BF8B818D57FCEED3 BaseClass: NativeClass:/Script/Engine.StaticMeshActor Name:StaticMeshActor_18 Label:SM_QuarterCylinder2 SpatiallyLoaded:1 Bounds:IsValid=true, Min=(X=1200.000 Y=1600.000 Z=0.000), Max=(X=1300.000 Y=1700.000 Z=200.000) RuntimeGrid:None EditorOnly:0 RuntimeOnly:0 HLODRelevant:1 ListedInSceneOutliner:1 IsMainWorldOnly:0 FolderPath:Block04 FolderGuid:D00C3F324D055BED943FA6B0235C7FA2
 |   |   |- Guid:FCB88543485D8B106507029FFE4E4B2C BaseClass: NativeClass:/Script/Engine.SkyLight Name:SkyLight_0 Label:SkyLight SpatiallyLoaded:0 Bounds:IsValid=true, Min=(X=0.000 Y=0.000 Z=690.000), Max=(X=0.000 Y=0.000 Z=690.000) RuntimeGrid:None EditorOnly:0 RuntimeOnly:0 HLODRelevant:0 ListedInSceneOutliner:1 IsMainWorldOnly:0 FolderPath:Lighting FolderGuid:0BA5F0A04EADB18E70D5B180D08FA34B
 |   |- [+] Clusters:
 |   |   |- [+] [  0]
 |   |   |   |- Guid:15D4751446591651B68537BFC70F798D BaseClass: NativeClass:/Script/Engine.StaticMeshActor Name:StaticMeshActor_UAID_A4AE111137DC5EFB00_2001720423 Label:SM_SkySphere SpatiallyLoaded:0 Bounds:IsValid=true, Min=(X=-1638400.000 Y=-1638400.000 Z=-1638400.000), Max=(X=1638400.000 Y=1638400.000 Z=1638400.000) RuntimeGrid:None EditorOnly:0 RuntimeOnly:0 HLODRelevant:0 ListedInSceneOutliner:1 IsMainWorldOnly:0 FolderPath:Lighting FolderGuid:0BA5F0A04EADB18E70D5B180D08FA34B
 |   |   |- [+] [  1]
 |   |   |   |- Guid:25853A4240A82E27A12DB18F0C6FDACC BaseClass: NativeClass:/Script/Engine.WorldDataLayers Name:WorldDataLayers Label:WorldDataLayers SpatiallyLoaded:0 Bounds:Invalid RuntimeGrid:None EditorOnly:0 RuntimeOnly:0 HLODRelevant:0 ListedInSceneOutliner:1 IsMainWorldOnly:1
 |   |   |- [+] [  2]
 |   |   |   |- Guid:2DA60965418D733650D119BD4FB09A63 BaseClass: NativeClass:/Script/Engine.VolumetricCloud Name:VolumetricCloud_0 Label:VolumetricCloud SpatiallyLoaded:0 Bounds:IsValid=true, Min=(X=0.000 Y=0.000 Z=820.000), Max=(X=0.000 Y=0.000 Z=820.000) RuntimeGrid:None EditorOnly:0 RuntimeOnly:0 HLODRelevant:0 ListedInSceneOutliner:1 IsMainWorldOnly:0 FolderPath:Lighting FolderGuid:0BA5F0A04EADB18E70D5B180D08FA34B
 |   |   |- [+] [  3]
 |   |   |   |- Guid:2EFF17BE4F975EE48464EFBC8E8173FE BaseClass: NativeClass:/Script/Engine.SkyAtmosphere Name:SkyAtmosphere_0 Label:SkyAtmosphere SpatiallyLoaded:0 Bounds:IsValid=true, Min=(X=0.000 Y=0.000 Z=1020.000), Max=(X=0.000 Y=0.000 Z=1020.000) RuntimeGrid:None EditorOnly:0 RuntimeOnly:0 HLODRelevant:0 ListedInSceneOutliner:1 IsMainWorldOnly:0 FolderPath:Lighting FolderGuid:0BA5F0A04EADB18E70D5B180D08FA34B
 |   |   |- [+] [  4]
 |   |   |   |- Guid:33A30C12437A9D59280652B511E8888D BaseClass: NativeClass:/Script/Engine.StaticMeshActor Name:StaticMeshActor_30 Label:SM_ChamferCube5 SpatiallyLoaded:1 Bounds:IsValid=true, Min=(X=1765.431 Y=477.543 Z=0.063), Max=(X=1976.756 Y=688.868 Z=150.063) RuntimeGrid:None EditorOnly:0 RuntimeOnly:0 HLODRelevant:0 ListedInSceneOutliner:1 IsMainWorldOnly:0 FolderPath:SimulatedCubes FolderGuid:9AEEADCB4DC6C647D6E7C0B4EDA1744F
 |   |   |- [+] [  5]
 |   |   |   |- Guid:34F8EE784CBF59BE1C01AC91E8158B8C BaseClass: NativeClass:/Script/Engine.PostProcessVolume Name:PostProcessVolume_0 Label:PostProcessVolume SpatiallyLoaded:0 Bounds:IsValid=true, Min=(X=0.000 Y=0.000 Z=400.000), Max=(X=200.000 Y=200.000 Z=600.000) RuntimeGrid:None EditorOnly:0 RuntimeOnly:0 HLODRelevant:0 ListedInSceneOutliner:1 IsMainWorldOnly:0 FolderPath:Lighting FolderGuid:0BA5F0A04EADB18E70D5B180D08FA34B
 |   |   |- [+] [  6]
 |   |   |   |- Guid:363FEBED4BFE0C8E7ED6E383AA055155 BaseClass: NativeClass:/Script/Engine.StaticMeshActor Name:StaticMeshActor_10 Label:SM_Cube6 SpatiallyLoaded:1 Bounds:IsValid=true, Min=(X=2900.000 Y=100.000 Z=0.000), Max=(X=3000.000 Y=3400.000 Z=400.000) RuntimeGrid:None EditorOnly:0 RuntimeOnly:0 HLODRelevant:1 ListedInSceneOutliner:1 IsMainWorldOnly:0 FolderPath:Playground FolderGuid:6C02BB504B69D1F3D7A624B130C18E5B
 |   |   |- [+] [  7]
 |   |   |   |- Guid:5645821545DAE5B4E8DEE7B068B38637 BaseClass: NativeClass:/Script/Engine.StaticMeshActor Name:StaticMeshActor_12 Label:SM_Cube8 SpatiallyLoaded:1 Bounds:IsValid=true, Min=(X=100.000 Y=1600.000 Z=0.000), Max=(X=1200.000 Y=1900.000 Z=200.000) RuntimeGrid:None EditorOnly:0 RuntimeOnly:0 HLODRelevant:1 ListedInSceneOutliner:1 IsMainWorldOnly:0 FolderPath:Block04 FolderGuid:D00C3F324D055BED943FA6B0235C7FA2
 |   |   |- [+] [  8]
 |   |   |   |- Guid:5CC3569143B1D80E573BF7BF8AC9366E BaseClass: NativeClass:/Script/Engine.StaticMeshActor Name:StaticMeshActor_36 Label:SM_QuarterCylinder10 SpatiallyLoaded:1 Bounds:IsValid=true, Min=(X=1700.000 Y=1800.000 Z=0.000), Max=(X=1800.000 Y=1900.000 Z=200.000) RuntimeGrid:None EditorOnly:0 RuntimeOnly:0 HLODRelevant:1 ListedInSceneOutliner:1 IsMainWorldOnly:0 FolderPath:Block02 FolderGuid:275232DB4A90E8B2799B29BD69C59B9E
 |   |   |- [+] [  9]
 |   |   |   |- Guid:69AFF89B46DDDF127EFFC392F3626925 BaseClass: NativeClass:/Script/Engine.StaticMeshActor Name:StaticMeshActor_41 Label:SM_Ramp4 SpatiallyLoaded:1 Bounds:IsValid=true, Min=(X=100.000 Y=1500.000 Z=0.000), Max=(X=1200.000 Y=1600.000 Z=200.000) RuntimeGrid:None EditorOnly:0 RuntimeOnly:0 HLODRelevant:1 ListedInSceneOutliner:1 IsMainWorldOnly:0 FolderPath:Block04 FolderGuid:D00C3F324D055BED943FA6B0235C7FA2
 |   |   |- [+] [ 10]
 |   |   |   |- Guid:719D958849C05D1307ABA1A4F35F657E BaseClass:/Game/FirstPerson/Blueprints/BP_Pickup_Rifle.BP_Pickup_Rifle_C NativeClass:/Script/Engine.Actor Name:BP_Rifle_C_1 Label:BP_Pickup_Rifle SpatiallyLoaded:1 Bounds:IsValid=true, Min=(X=1378.000 Y=818.000 Z=64.000), Max=(X=1442.000 Y=907.440 Z=128.000) RuntimeGrid:None EditorOnly:0 RuntimeOnly:0 HLODRelevant:0 ListedInSceneOutliner:1 IsMainWorldOnly:0
 |   |   |- [+] [ 11]
 |   |   |   |- Guid:734B15ED464B849F3E0767BD9B376699 BaseClass: NativeClass:/Script/Engine.StaticMeshActor Name:StaticMeshActor_37 Label:SM_Cube16 SpatiallyLoaded:1 Bounds:IsValid=true, Min=(X=1700.000 Y=1700.000 Z=0.000), Max=(X=1800.000 Y=1800.000 Z=200.000) RuntimeGrid:None EditorOnly:0 RuntimeOnly:0 HLODRelevant:1 ListedInSceneOutliner:1 IsMainWorldOnly:0 FolderPath:Block02 FolderGuid:275232DB4A90E8B2799B29BD69C59B9E
 |   |   |- [+] [ 12]
 |   |   |   |- Guid:7507B3EC4F6ACDACDAC49F98BC07065C BaseClass: NativeClass:/Script/Engine.PlayerStart Name:PlayerStart_UAID_745D222BFC82C12402_2098764482 Label:PlayerStart SpatiallyLoaded:0 Bounds:IsValid=true, Min=(X=1030.000 Y=790.000 Z=8.000), Max=(X=1110.000 Y=870.000 Z=192.000) RuntimeGrid:None EditorOnly:0 RuntimeOnly:0 HLODRelevant:0 ListedInSceneOutliner:1 IsMainWorldOnly:0
 |   |   |- [+] [ 13]
 |   |   |   |- Guid:77CA57A5478ADDDC90E9A6963809A751 BaseClass: NativeClass:/Script/Engine.StaticMeshActor Name:StaticMeshActor_17 Label:SM_QuarterCylinder SpatiallyLoaded:1 Bounds:IsValid=true, Min=(X=1200.000 Y=1800.000 Z=0.000), Max=(X=1300.000 Y=1900.000 Z=200.000) RuntimeGrid:None EditorOnly:0 RuntimeOnly:0 HLODRelevant:1 ListedInSceneOutliner:1 IsMainWorldOnly:0 FolderPath:Block04 FolderGuid:D00C3F324D055BED943FA6B0235C7FA2
 |   |   |- [+] [ 14]
 |   |   |   |- Guid:7D7162D840AD0CF8526375A1237376C9 BaseClass: NativeClass:/Script/Engine.ExponentialHeightFog Name:ExponentialHeightFog_0 Label:ExponentialHeightFog SpatiallyLoaded:0 Bounds:IsValid=true, Min=(X=-5600.000 Y=-50.000 Z=-6850.000), Max=(X=-5600.000 Y=-50.000 Z=-6850.000) RuntimeGrid:None EditorOnly:0 RuntimeOnly:0 HLODRelevant:0 ListedInSceneOutliner:1 IsMainWorldOnly:0 FolderPath:Lighting FolderGuid:0BA5F0A04EADB18E70D5B180D08FA34B
 |   |   |- [+] [ 15]
 |   |   |   |- Guid:808E9ED24B8D3FF12736AA8BF3B845B3 BaseClass: NativeClass:/Script/Engine.StaticMeshActor Name:StaticMeshActor_19 Label:SM_Cube12 SpatiallyLoaded:1 Bounds:IsValid=true, Min=(X=1200.000 Y=1700.000 Z=0.000), Max=(X=1300.000 Y=1800.000 Z=200.000) RuntimeGrid:None EditorOnly:0 RuntimeOnly:0 HLODRelevant:1 ListedInSceneOutliner:1 IsMainWorldOnly:0 FolderPath:Block04 FolderGuid:D00C3F324D055BED943FA6B0235C7FA2
 |   |   |- [+] [ 16]
 |   |   |   |- Guid:93483106445F237F871D11B743BE848E BaseClass: NativeClass:/Script/Engine.StaticMeshActor Name:StaticMeshActor_0 Label:SM_Cube SpatiallyLoaded:1 Bounds:IsValid=true, Min=(X=0.000 Y=0.000 Z=-50.000), Max=(X=3000.000 Y=3500.000 Z=0.000) RuntimeGrid:None EditorOnly:0 RuntimeOnly:0 HLODRelevant:1 ListedInSceneOutliner:1 IsMainWorldOnly:0 FolderPath:Playground FolderGuid:6C02BB504B69D1F3D7A624B130C18E5B
 |   |   |- [+] [ 17]
 |   |   |   |- Guid:97A7374F4F311099622223AC31AA82AD BaseClass: NativeClass:/Script/Engine.StaticMeshActor Name:StaticMeshActor_4 Label:SM_Cube3 SpatiallyLoaded:1 Bounds:IsValid=true, Min=(X=0.000 Y=3400.000 Z=0.000), Max=(X=3000.000 Y=3500.000 Z=400.000) RuntimeGrid:None EditorOnly:0 RuntimeOnly:0 HLODRelevant:1 ListedInSceneOutliner:1 IsMainWorldOnly:0 FolderPath:Playground FolderGuid:6C02BB504B69D1F3D7A624B130C18E5B
 |   |   |- [+] [ 18]
 |   |   |   |- Guid:AD06AB434F1A6CD63C2A779F9E075657 BaseClass: NativeClass:/Script/Engine.StaticMeshActor Name:StaticMeshActor_9 Label:SM_Cube5 SpatiallyLoaded:1 Bounds:IsValid=true, Min=(X=-0.000 Y=100.000 Z=0.000), Max=(X=100.000 Y=3400.000 Z=400.000) RuntimeGrid:None EditorOnly:0 RuntimeOnly:0 HLODRelevant:1 ListedInSceneOutliner:1 IsMainWorldOnly:0 FolderPath:Playground FolderGuid:6C02BB504B69D1F3D7A624B130C18E5B
 |   |   |- [+] [ 19]
 |   |   |   |- Guid:B45DABD446DE67ED8564489F5F4B9FBC BaseClass: NativeClass:/Script/Engine.StaticMeshActor Name:StaticMeshActor_34 Label:SM_Cube15 SpatiallyLoaded:1 Bounds:IsValid=true, Min=(X=1800.000 Y=1600.000 Z=0.000), Max=(X=2900.000 Y=1900.000 Z=200.000) RuntimeGrid:None EditorOnly:0 RuntimeOnly:0 HLODRelevant:1 ListedInSceneOutliner:1 IsMainWorldOnly:0 FolderPath:Block02 FolderGuid:275232DB4A90E8B2799B29BD69C59B9E
 |   |   |- [+] [ 20]
 |   |   |   |- Guid:BD498A94456CAE2F19FE97875AEA4DC0 BaseClass: NativeClass:/Script/Engine.DirectionalLight Name:DirectionalLight_1 Label:DirectionalLight SpatiallyLoaded:0 Bounds:Invalid RuntimeGrid:None EditorOnly:0 RuntimeOnly:0 HLODRelevant:0 ListedInSceneOutliner:1 IsMainWorldOnly:0 FolderPath:Lighting FolderGuid:0BA5F0A04EADB18E70D5B180D08FA34B
 |   |   |- [+] [ 21]
 |   |   |   |- Guid:C29731874431B40D35C5EFBAFD4B5B95 BaseClass: NativeClass:/Script/Engine.StaticMeshActor Name:StaticMeshActor_3 Label:SM_Cube2 SpatiallyLoaded:1 Bounds:IsValid=true, Min=(X=0.000 Y=0.000 Z=0.000), Max=(X=3000.000 Y=100.000 Z=400.000) RuntimeGrid:None EditorOnly:0 RuntimeOnly:0 HLODRelevant:1 ListedInSceneOutliner:1 IsMainWorldOnly:0 FolderPath:Playground FolderGuid:6C02BB504B69D1F3D7A624B130C18E5B
 |   |   |- [+] [ 22]
 |   |   |   |- Guid:CC73CAFB47D2536696AFD7A824531325 BaseClass: NativeClass:/Script/Engine.StaticMeshActor Name:StaticMeshActor_35 Label:SM_QuarterCylinder9 SpatiallyLoaded:1 Bounds:IsValid=true, Min=(X=1700.000 Y=1600.000 Z=0.000), Max=(X=1800.000 Y=1700.000 Z=200.000) RuntimeGrid:None EditorOnly:0 RuntimeOnly:0 HLODRelevant:1 ListedInSceneOutliner:1 IsMainWorldOnly:0 FolderPath:Block02 FolderGuid:275232DB4A90E8B2799B29BD69C59B9E
 |   |   |- [+] [ 23]
 |   |   |   |- Guid:E0EC727449EC660B68F5A1ACE9DC8748 BaseClass: NativeClass:/Script/Engine.TextRenderActor Name:TextRenderActor_1 Label:TextRenderActor SpatiallyLoaded:1 Bounds:IsValid=true, Min=(X=-0.100 Y=1100.000 Z=65.013), Max=(X=-0.100 Y=2363.461 Z=215.013) RuntimeGrid:None EditorOnly:0 RuntimeOnly:0 HLODRelevant:0 ListedInSceneOutliner:1 IsMainWorldOnly:0
 |   |   |- [+] [ 24]
 |   |   |   |- Guid:E5464BC3490019A2D1AB5D838255C36B BaseClass: NativeClass:/Script/Engine.StaticMeshActor Name:StaticMeshActor_42 Label:SM_Ramp5 SpatiallyLoaded:1 Bounds:IsValid=true, Min=(X=1800.000 Y=1900.000 Z=0.000), Max=(X=2900.000 Y=2000.000 Z=200.000) RuntimeGrid:None EditorOnly:0 RuntimeOnly:0 HLODRelevant:1 ListedInSceneOutliner:1 IsMainWorldOnly:0 FolderPath:Block02 FolderGuid:275232DB4A90E8B2799B29BD69C59B9E
 |   |   |- [+] [ 25]
 |   |   |   |- Guid:EA4D8C704E6D3567BF8B818D57FCEED3 BaseClass: NativeClass:/Script/Engine.StaticMeshActor Name:StaticMeshActor_18 Label:SM_QuarterCylinder2 SpatiallyLoaded:1 Bounds:IsValid=true, Min=(X=1200.000 Y=1600.000 Z=0.000), Max=(X=1300.000 Y=1700.000 Z=200.000) RuntimeGrid:None EditorOnly:0 RuntimeOnly:0 HLODRelevant:1 ListedInSceneOutliner:1 IsMainWorldOnly:0 FolderPath:Block04 FolderGuid:D00C3F324D055BED943FA6B0235C7FA2
 |   |   |- [+] [ 26]
 |   |   |   |- Guid:FCB88543485D8B106507029FFE4E4B2C BaseClass: NativeClass:/Script/Engine.SkyLight Name:SkyLight_0 Label:SkyLight SpatiallyLoaded:0 Bounds:IsValid=true, Min=(X=0.000 Y=0.000 Z=690.000), Max=(X=0.000 Y=0.000 Z=690.000) RuntimeGrid:None EditorOnly:0 RuntimeOnly:0 HLODRelevant:0 ListedInSceneOutliner:1 IsMainWorldOnly:0 FolderPath:Lighting FolderGuid:0BA5F0A04EADB18E70D5B180D08FA34B
 |- ContainerInstances:
 |- [+] MainContainer:
 |   |-        ID: 00000000000000000000000000000000
 |   |-  ParentID: 00000000000000000000000000000000
 |   |-    Bounds: IsValid=false, Min=(X=0.000 Y=0.000 Z=0.000), Max=(X=0.000 Y=0.000 Z=0.000)
 |   |- Transform: 0.000000,0.000000,0.000000|0.000000,0.000000,-0.000000|1.000000,1.000000,1.000000
 |   |- Container: /Game/_Game/Scenes/PlayerScene
----------------------------------------------------------------------------------------------------------------
PlayerScene - Persistent Level
----------------------------------------------------------------------------------------------------------------
[+] Content of PlayerScene Persistent Level
 |- Always loaded Actor Count: 27 
 |- Actor Path: /Game/_Game/Scenes/PlayerScene.PlayerScene:PersistentLevel.BP_Rifle_C_1
 |- Actor Package: /Game/__ExternalActors__/_Game/Scenes/PlayerScene/1/K7/8HMQYFIZRISLFIZAK2D02N
 |- Actor Path: /Game/_Game/Scenes/PlayerScene.PlayerScene:PersistentLevel.DirectionalLight_1
 |- Actor Package: /Game/__ExternalActors__/_Game/Scenes/PlayerScene/C/4Q/W7AC2M35OU53JVWGNHSWE0
 |- Actor Path: /Game/_Game/Scenes/PlayerScene.PlayerScene:PersistentLevel.ExponentialHeightFog_0
 |- Actor Package: /Game/__ExternalActors__/_Game/Scenes/PlayerScene/A/WP/3IG5GEEGPFI44SOLU2XOY5
 |- Actor Path: /Game/_Game/Scenes/PlayerScene.PlayerScene:PersistentLevel.PlayerStart_UAID_745D222BFC82C12402_2098764482
 |- Actor Package: /Game/__ExternalActors__/_Game/Scenes/PlayerScene/E/D8/DTP6NF33YQ73NLV2UG77EH
 |- Actor Path: /Game/_Game/Scenes/PlayerScene.PlayerScene:PersistentLevel.PostProcessVolume_0
 |- Actor Package: /Game/__ExternalActors__/_Game/Scenes/PlayerScene/3/XS/PE6RM108LNKOKXUZ3C1HSY
 |- Actor Path: /Game/_Game/Scenes/PlayerScene.PlayerScene:PersistentLevel.SkyAtmosphere_0
 |- Actor Package: /Game/__ExternalActors__/_Game/Scenes/PlayerScene/6/7P/4BNNY3KX2WSR9PJ9GRARC0
 |- Actor Path: /Game/_Game/Scenes/PlayerScene.PlayerScene:PersistentLevel.SkyLight_0
 |- Actor Package: /Game/__ExternalActors__/_Game/Scenes/PlayerScene/C/4T/35OO5M21YSIRKP1XD3ODN9
 |- Actor Path: /Game/_Game/Scenes/PlayerScene.PlayerScene:PersistentLevel.StaticMeshActor_0
 |- Actor Package: /Game/__ExternalActors__/_Game/Scenes/PlayerScene/2/9G/RW1YMLS5HCXIIY64EH8THU
 |- Actor Path: /Game/_Game/Scenes/PlayerScene.PlayerScene:PersistentLevel.StaticMeshActor_10
 |- Actor Package: /Game/__ExternalActors__/_Game/Scenes/PlayerScene/E/P4/ZXKDOMV3IHWXGIETCNTNGS
 |- Actor Path: /Game/_Game/Scenes/PlayerScene.PlayerScene:PersistentLevel.StaticMeshActor_12
 |- Actor Package: /Game/__ExternalActors__/_Game/Scenes/PlayerScene/B/N2/RJ9XQVV8754SJN8JYQ5Y0T
 |- Actor Path: /Game/_Game/Scenes/PlayerScene.PlayerScene:PersistentLevel.StaticMeshActor_17
 |- Actor Package: /Game/__ExternalActors__/_Game/Scenes/PlayerScene/1/H3/9UASTRRWXD1BN8W1ID06QH
 |- Actor Path: /Game/_Game/Scenes/PlayerScene.PlayerScene:PersistentLevel.StaticMeshActor_18
 |- Actor Package: /Game/__ExternalActors__/_Game/Scenes/PlayerScene/D/XH/3G31AOSEI11KE8Q1U6BGH5
 |- Actor Path: /Game/_Game/Scenes/PlayerScene.PlayerScene:PersistentLevel.StaticMeshActor_19
 |- Actor Package: /Game/__ExternalActors__/_Game/Scenes/PlayerScene/6/DW/LA9DJ1PHEGGZK2A6RYYX39
 |- Actor Path: /Game/_Game/Scenes/PlayerScene.PlayerScene:PersistentLevel.StaticMeshActor_3
 |- Actor Package: /Game/__ExternalActors__/_Game/Scenes/PlayerScene/6/JI/5RY7DSW60EUVBN6H3MABQI
 |- Actor Path: /Game/_Game/Scenes/PlayerScene.PlayerScene:PersistentLevel.StaticMeshActor_30
 |- Actor Package: /Game/__ExternalActors__/_Game/Scenes/PlayerScene/2/A1/LRNYLKA5IHY2BGRA3QE6JD
 |- Actor Path: /Game/_Game/Scenes/PlayerScene.PlayerScene:PersistentLevel.StaticMeshActor_34
 |- Actor Package: /Game/__ExternalActors__/_Game/Scenes/PlayerScene/D/IJ/I07G68FCJ6FHABLOV4FN2Q
 |- Actor Path: /Game/_Game/Scenes/PlayerScene.PlayerScene:PersistentLevel.StaticMeshActor_35
 |- Actor Package: /Game/__ExternalActors__/_Game/Scenes/PlayerScene/D/ZL/0LX9I14008W94M1M361UCY
 |- Actor Path: /Game/_Game/Scenes/PlayerScene.PlayerScene:PersistentLevel.StaticMeshActor_36
 |- Actor Package: /Game/__ExternalActors__/_Game/Scenes/PlayerScene/0/05/AOT9AZP874L7UAXSDIZ890
 |- Actor Path: /Game/_Game/Scenes/PlayerScene.PlayerScene:PersistentLevel.StaticMeshActor_37
 |- Actor Package: /Game/__ExternalActors__/_Game/Scenes/PlayerScene/D/4M/ZCXLUVAEFMBKH0QFZCIEA3
 |- Actor Path: /Game/_Game/Scenes/PlayerScene.PlayerScene:PersistentLevel.StaticMeshActor_4
 |- Actor Package: /Game/__ExternalActors__/_Game/Scenes/PlayerScene/C/XL/7QVB01CCT6ACLETC6FTLLY
 |- Actor Path: /Game/_Game/Scenes/PlayerScene.PlayerScene:PersistentLevel.StaticMeshActor_41
 |- Actor Package: /Game/__ExternalActors__/_Game/Scenes/PlayerScene/B/ZW/BZ2DM23ITVVYCZDIVGAZ71
 |- Actor Path: /Game/_Game/Scenes/PlayerScene.PlayerScene:PersistentLevel.StaticMeshActor_42
 |- Actor Package: /Game/__ExternalActors__/_Game/Scenes/PlayerScene/C/QJ/3DIPOO58N8YHOG4Y5K5CEY
 |- Actor Path: /Game/_Game/Scenes/PlayerScene.PlayerScene:PersistentLevel.StaticMeshActor_9
 |- Actor Package: /Game/__ExternalActors__/_Game/Scenes/PlayerScene/B/5P/WA8BCHORF8ER3UXK9IKJZJ
 |- Actor Path: /Game/_Game/Scenes/PlayerScene.PlayerScene:PersistentLevel.StaticMeshActor_UAID_A4AE111137DC5EFB00_2001720423
 |- Actor Package: /Game/__ExternalActors__/_Game/Scenes/PlayerScene/5/SJ/U8IBDHI99K9ABDE3GPWF96
 |- Actor Path: /Game/_Game/Scenes/PlayerScene.PlayerScene:PersistentLevel.TextRenderActor_1
 |- Actor Package: /Game/__ExternalActors__/_Game/Scenes/PlayerScene/D/2G/DAC81VIC59JCUTNPSOKEUO
 |- Actor Path: /Game/_Game/Scenes/PlayerScene.PlayerScene:PersistentLevel.VolumetricCloud_0
 |- Actor Package: /Game/__ExternalActors__/_Game/Scenes/PlayerScene/A/QI/W7AY85G5Q5RCEQ1DIES9V8
 |- Actor Path: /Game/_Game/Scenes/PlayerScene.PlayerScene:PersistentLevel.WorldDataLayers
 |- Actor Package: /Game/__ExternalActors__/_Game/Scenes/PlayerScene/D/LS/61UGW98LDCV4H8BQE0YJNK

----------------------------------------------------------------------------------------------------------------
PlayerScene - Runtime Hash Set
----------------------------------------------------------------------------------------------------------------

